<?xml version="1.0" encoding="UTF-8"?>
<!-- Generated by org.testng.reporters.JUnitXMLReporter -->
<testsuite ignored="0" hostname="NIS-PK604s-MacBook-Pro.local" failures="0" tests="3" name="Test" time="3.899" errors="0" timestamp="2022-03-01T16:49:54 PKT">
  <testcase classname="RestAssured.Linkedin_JavaRestAssuredTraining" name="createUser" time="2.82"/>
  <testcase classname="RestAssured.Linkedin_JavaRestAssuredTraining" name="getUser" time="0.706"/>
  <testcase classname="RestAssured.TC001_GET_REQUEST" name="getWeatherDetails" time="0.35"/>
</testsuite> <!-- Test -->
