<?xml version="1.0" encoding="UTF-8"?>
<testng-results ignored="0" total="3" passed="3" failed="0" skipped="0">
  <reporter-output>
  </reporter-output>
  <suite started-at="2022-03-01T16:49:46 PKT" name="Suite" finished-at="2022-03-01T16:49:49 PKT" duration-ms="3899">
    <groups>
    </groups>
    <test started-at="2022-03-01T16:49:46 PKT" name="Test" finished-at="2022-03-01T16:49:49 PKT" duration-ms="3899">
      <class name="RestAssured.TC001_GET_REQUEST">
        <test-method signature="getWeatherDetails()[pri:0, instance:RestAssured.TC001_GET_REQUEST@123f1134]" started-at="2022-03-01T16:49:49 PKT" name="getWeatherDetails" finished-at="2022-03-01T16:49:49 PKT" duration-ms="350" status="PASS">
          <reporter-output>
          </reporter-output>
        </test-method> <!-- getWeatherDetails -->
      </class> <!-- RestAssured.TC001_GET_REQUEST -->
      <class name="RestAssured.Linkedin_JavaRestAssuredTraining">
        <test-method signature="createUser()[pri:0, instance:RestAssured.Linkedin_JavaRestAssuredTraining@8e0379d]" started-at="2022-03-01T16:49:46 PKT" name="createUser" finished-at="2022-03-01T16:49:48 PKT" duration-ms="2820" status="PASS">
          <reporter-output>
          </reporter-output>
        </test-method> <!-- createUser -->
        <test-method signature="getUser()[pri:0, instance:RestAssured.Linkedin_JavaRestAssuredTraining@8e0379d]" started-at="2022-03-01T16:49:48 PKT" name="getUser" finished-at="2022-03-01T16:49:49 PKT" duration-ms="706" status="PASS">
          <reporter-output>
          </reporter-output>
        </test-method> <!-- getUser -->
      </class> <!-- RestAssured.Linkedin_JavaRestAssuredTraining -->
    </test> <!-- Test -->
  </suite> <!-- Suite -->
</testng-results>
